<?xml version="1.0" encoding="UTF-8"?>
<testng-results skipped="0" failed="0" ignored="0" total="1" passed="1">
  <reporter-output>
  </reporter-output>
  <suite name="Default suite" duration-ms="45315" started-at="2019-02-22T04:06:40Z" finished-at="2019-02-22T04:07:25Z">
    <groups>
    </groups>
    <test name="Default test" duration-ms="45315" started-at="2019-02-22T04:06:40Z" finished-at="2019-02-22T04:07:25Z">
      <class name="project.framework.EcomTest08">
        <test-method status="PASS" signature="lauchBrowser()[pri:0, instance:project.framework.EcomTest08@d8355a8]" name="lauchBrowser" is-config="true" duration-ms="5851" started-at="2019-02-22T04:06:40Z" finished-at="2019-02-22T04:06:46Z">
          <reporter-output>
          </reporter-output>
        </test-method> <!-- lauchBrowser -->
        <test-method status="PASS" signature="changeVerification()[pri:0, instance:project.framework.EcomTest08@d8355a8]" name="changeVerification" duration-ms="38539" started-at="2019-02-22T04:06:46Z" finished-at="2019-02-22T04:07:24Z">
          <reporter-output>
          </reporter-output>
        </test-method> <!-- changeVerification -->
        <test-method status="PASS" signature="closingBrowser()[pri:0, instance:project.framework.EcomTest08@d8355a8]" name="closingBrowser" is-config="true" duration-ms="902" started-at="2019-02-22T04:07:24Z" finished-at="2019-02-22T04:07:25Z">
          <reporter-output>
          </reporter-output>
        </test-method> <!-- closingBrowser -->
      </class> <!-- project.framework.EcomTest08 -->
    </test> <!-- Default test -->
  </suite> <!-- Default suite -->
</testng-results>
